<?xml version="1.0" encoding="UTF-8"?>
<!-- Generated by org.testng.reporters.JUnitXMLReporter -->
<testsuite ignored="0" hostname="Supakans-MBP" failures="0" tests="9" name="Default test" time="5.201" errors="0" timestamp="2023-01-09T21:28:35 EST">
  <testcase classname="petStoreApiTests.PetStoreApiTests" name="chainValidation" time="2.979"/>
  <testcase classname="petStoreApiTests.PetStoreApiTests" name="createCatWithJsonFile" time="0.209"/>
  <testcase classname="petStoreApiTests.PetStoreApiTests" name="invalidIdUpdateCat" time="0.177"/>
  <testcase classname="petStoreApiTests.PetStoreApiTests" name="postACat" time="0.166"/>
  <testcase classname="petStoreApiTests.PetStoreApiTests" name="postAPet" time="0.149"/>
  <testcase classname="petStoreApiTests.PetStoreApiTests" name="findPetByStatus" time="0.14"/>
  <testcase classname="petStoreApiTests.PetStoreApiTests" name="getPetById" time="0.105"/>
  <testcase classname="petStoreApiTests.PetStoreApiTests" name="updateCat" time="0.135"/>
  <testcase classname="petStoreApiTests.PetStoreApiTests" name="getById" time="0.264"/>
</testsuite> <!-- Default test -->
